-------------------------------------------------------------------------------
Test set: com.unibuc.bookmanagement.integration_test.AuthorControllerIntegrationTest
-------------------------------------------------------------------------------
Tests run: 1, Failures: 1, Errors: 0, Skipped: 0, Time elapsed: 25.32 s <<< FAILURE! -- in com.unibuc.bookmanagement.integration_test.AuthorControllerIntegrationTest
com.unibuc.bookmanagement.integration_test.AuthorControllerIntegrationTest.testShowAddAuthorForm -- Time elapsed: 2.318 s <<< FAILURE!
org.opentest4j.AssertionFailedError: 

expected: 200 OK
 but was: 500 INTERNAL_SERVER_ERROR
	at com.unibuc.bookmanagement.integration_test.AuthorControllerIntegrationTest.testShowAddAuthorForm(AuthorControllerIntegrationTest.java:67)
	at java.base/java.lang.reflect.Method.invoke(Method.java:580)
	at java.base/java.util.ArrayList.forEach(ArrayList.java:1596)
	at java.base/java.util.ArrayList.forEach(ArrayList.java:1596)

